<?xml version="1.0" encoding="UTF-8"?>
<testsuite name="com.aor.numbers.ListSorterTest" tests="1" skipped="0" failures="0" errors="0" timestamp="2020-03-13T11:20:07" hostname="DESKTOP-O7Q35M6" time="0.0">
  <properties/>
  <testcase name="sort" classname="com.aor.numbers.ListSorterTest" time="0.0"/>
  <system-out><![CDATA[]]></system-out>
  <system-err><![CDATA[]]></system-err>
</testsuite>
