<?xml version="1.0" encoding="UTF-8"?>
<testsuite name="com.aor.numbers.ListAggregatorTest" tests="6" skipped="0" failures="0" errors="0" timestamp="2020-03-13T11:20:07" hostname="DESKTOP-O7Q35M6" time="0.005">
  <properties/>
  <testcase name="cornerCases" classname="com.aor.numbers.ListAggregatorTest" time="0.001"/>
  <testcase name="max" classname="com.aor.numbers.ListAggregatorTest" time="0.0"/>
  <testcase name="min" classname="com.aor.numbers.ListAggregatorTest" time="0.0"/>
  <testcase name="sum" classname="com.aor.numbers.ListAggregatorTest" time="0.0"/>
  <testcase name="distinct" classname="com.aor.numbers.ListAggregatorTest" time="0.001"/>
  <testcase name="distinct2" classname="com.aor.numbers.ListAggregatorTest" time="0.003"/>
  <system-out><![CDATA[]]></system-out>
  <system-err><![CDATA[]]></system-err>
</testsuite>
