<?xml version="1.0" encoding="UTF-8"?>
<testsuite name="StringUndoTest" tests="1" skipped="0" failures="0" errors="0" timestamp="2020-03-27T18:12:03" hostname="DESKTOP-O7Q35M6" time="0.002">
  <properties/>
  <testcase name="transformUndo" classname="StringUndoTest" time="0.002"/>
  <system-out><![CDATA[]]></system-out>
  <system-err><![CDATA[]]></system-err>
</testsuite>
