<?xml version="1.0" encoding="UTF-8"?>
<testsuite name="ObserverTest" tests="2" skipped="0" failures="0" errors="0" timestamp="2020-03-27T16:57:24" hostname="DESKTOP-O7Q35M6" time="0.282">
  <properties/>
  <testcase name="removeObserver" classname="ObserverTest" time="0.278"/>
  <testcase name="addObserver" classname="ObserverTest" time="0.004"/>
  <system-out><![CDATA[]]></system-out>
  <system-err><![CDATA[]]></system-err>
</testsuite>
