<?xml version="1.0" encoding="UTF-8"?>
<testsuite name="OrderingClassTest" tests="3" skipped="0" failures="0" errors="0" timestamp="2020-03-27T18:00:58" hostname="DESKTOP-O7Q35M6" time="0.004">
  <properties/>
  <testcase name="impatientStrategy" classname="OrderingClassTest" time="0.004"/>
  <testcase name="smartStrategyStartClosed" classname="OrderingClassTest" time="0.0"/>
  <testcase name="smartStrategyStartOpened" classname="OrderingClassTest" time="0.0"/>
  <system-out><![CDATA[]]></system-out>
  <system-err><![CDATA[]]></system-err>
</testsuite>
